<?xml version="1.0" encoding="UTF-8"?>
<testng-results ignored="0" total="2" passed="2" failed="0" skipped="0">
  <reporter-output>
  </reporter-output>
  <suite started-at="2023-03-03T15:37:04 IST" name="Surefire suite" finished-at="2023-03-03T15:37:56 IST" duration-ms="52005">
    <groups>
    </groups>
    <test started-at="2023-03-03T15:37:04 IST" name="Surefire test" finished-at="2023-03-03T15:37:56 IST" duration-ms="52005">
      <class name="com.flight.qa.testcases.Testcase1Sample">
        <test-method signature="LaunchBrowser()[pri:1, instance:com.flight.qa.testcases.Testcase1Sample@5276e6b0]" started-at="2023-03-03T15:37:04 IST" name="LaunchBrowser" finished-at="2023-03-03T15:37:06 IST" duration-ms="1809" status="PASS">
          <reporter-output>
          </reporter-output>
        </test-method> <!-- LaunchBrowser -->
        <test-method signature="Loginpage()[pri:2, instance:com.flight.qa.testcases.Testcase1Sample@5276e6b0]" started-at="2023-03-03T15:37:06 IST" name="Loginpage" finished-at="2023-03-03T15:37:56 IST" duration-ms="50168" status="PASS">
          <reporter-output>
          </reporter-output>
        </test-method> <!-- Loginpage -->
      </class> <!-- com.flight.qa.testcases.Testcase1Sample -->
    </test> <!-- Surefire test -->
  </suite> <!-- Surefire suite -->
</testng-results>
