<?xml version="1.0" encoding="UTF-8"?>
<testng-results ignored="0" total="2" passed="2" failed="0" skipped="0">
  <reporter-output>
  </reporter-output>
  <suite started-at="2023-03-03T15:29:14 IST" name="Default suite" finished-at="2023-03-03T15:30:05 IST" duration-ms="51275">
    <groups>
    </groups>
    <test started-at="2023-03-03T15:29:14 IST" name="Default test" finished-at="2023-03-03T15:30:05 IST" duration-ms="51275">
      <class name="com.flight.qa.testcases.Testcase1Sample">
        <test-method signature="LaunchBrowser()[pri:1, instance:com.flight.qa.testcases.Testcase1Sample@6adbc9d]" started-at="2023-03-03T15:29:14 IST" name="LaunchBrowser" finished-at="2023-03-03T15:29:16 IST" duration-ms="1835" status="PASS">
          <reporter-output>
          </reporter-output>
        </test-method> <!-- LaunchBrowser -->
        <test-method signature="Loginpage()[pri:2, instance:com.flight.qa.testcases.Testcase1Sample@6adbc9d]" started-at="2023-03-03T15:29:16 IST" name="Loginpage" finished-at="2023-03-03T15:30:05 IST" duration-ms="49411" status="PASS">
          <reporter-output>
          </reporter-output>
        </test-method> <!-- Loginpage -->
      </class> <!-- com.flight.qa.testcases.Testcase1Sample -->
    </test> <!-- Default test -->
  </suite> <!-- Default suite -->
</testng-results>
